[2025-12-29 10:38:57] local.DEBUG: 🔍 Resultados de búsqueda {"count":36,"search_term":null} 
[2025-12-29 10:45:07] local.DEBUG: 🔍 Resultados de búsqueda {"count":10,"search_term":null} 
[2025-12-29 10:49:05] local.DEBUG: 🔍 Resultados de búsqueda {"count":10,"search_term":null} 
[2025-12-29 10:52:17] local.DEBUG: 🔍 Resultados de búsqueda {"count":3,"search_term":null} 
[2025-12-29 10:57:27] local.DEBUG: 🔍 Resultados de búsqueda {"count":3,"search_term":null} 
[2025-12-29 10:57:40] local.DEBUG: 🔍 Resultados de búsqueda {"count":3,"search_term":null} 
[2025-12-29 10:57:42] local.DEBUG: 🔍 Resultados de búsqueda {"count":3,"search_term":null} 
[2025-12-29 11:00:30] local.DEBUG: 🔍 Resultados de búsqueda {"count":3,"search_term":null} 
[2025-12-29 11:07:19] local.DEBUG: 🔍 Resultados de búsqueda {"count":3,"search_term":null} 
[2025-12-29 11:07:23] local.DEBUG: 🔍 Resultados de búsqueda {"count":3,"search_term":null} 
[2025-12-29 11:09:06] local.DEBUG: 🔍 Resultados de búsqueda {"count":3,"search_term":null} 
[2025-12-29 11:11:28] local.DEBUG: 🔍 Resultados de búsqueda {"count":3,"search_term":null} 
[2025-12-29 11:14:05] local.DEBUG: 🔍 Resultados de búsqueda {"count":3,"search_term":null} 
[2025-12-29 11:25:50] local.DEBUG: 🔍 Resultados de búsqueda {"count":3,"search_term":null} 
[2025-12-29 11:33:01] local.DEBUG: 🔍 Resultados de búsqueda {"count":3,"search_term":null} 
[2025-12-29 11:59:13] local.DEBUG: 🔍 Resultados de búsqueda {"count":3,"search_term":null} 
[2025-12-29 11:59:23] local.DEBUG: 🔍 Resultados de búsqueda {"count":3,"search_term":null} 
[2025-12-29 12:03:01] local.DEBUG: 🔍 Resultados de búsqueda {"count":36,"search_term":null} 
[2025-12-29 12:07:00] local.DEBUG: 🔍 Resultados de búsqueda {"count":36,"search_term":null} 
[2025-12-29 12:11:50] local.DEBUG: 🔍 Resultados de búsqueda {"count":36,"search_term":null} 
[2025-12-29 12:49:14] local.DEBUG: 🔍 Búsqueda de instituciones {"search_term":"5","user_id":1,"user_rol":"super_admin"} 
[2025-12-29 12:49:14] local.DEBUG: 🔍 Resultados de búsqueda {"count":10,"search_term":"5"} 
[2025-12-29 12:49:16] local.DEBUG: 🔍 Búsqueda de instituciones {"search_term":"40","user_id":1,"user_rol":"super_admin"} 
[2025-12-29 12:49:16] local.DEBUG: 🔍 Resultados de búsqueda {"count":3,"search_term":"40"} 
[2025-12-29 12:50:06] local.DEBUG: 🔍 Resultados de búsqueda {"count":36,"search_term":null} 
[2025-12-29 12:50:49] local.INFO: 🕐 Horario creado - Auto-asignando a usuarios {"horario_id":16,"institucion_id":11,"turno":"MAÑANA"} 
[2025-12-29 12:50:49] local.INFO: Horario asignado - Activación automática con fecha_inicio {"usuario_app_id":6,"institucion_id":11,"horario_id":16,"fecha_inicio":"2025-12-29 00:00:00"} 
[2025-12-29 12:50:49] local.INFO: ✅ Horario auto-asignado a usuarios (Multi-Turno) {"horario_id":16,"usuarios_actualizados":1} 
[2025-12-29 13:30:01] local.DEBUG: 🔍 Resultados de búsqueda {"count":36,"search_term":null} 
[2025-12-29 13:30:41] local.DEBUG: 🔍 Búsqueda de instituciones {"search_term":"40","user_id":1,"user_rol":"super_admin"} 
[2025-12-29 13:30:41] local.DEBUG: 🔍 Resultados de búsqueda {"count":3,"search_term":"40"} 
[2025-12-29 13:30:55] local.INFO: 🔄 [UsuarioApp] Iniciando actualización de usuario ID: 6 {"request":{"acceso_habilitado":true,"asignaciones":[{"institucion_id":11,"cargo":"DIRECTOR I.E.","estado":"ACTIVO","fecha_inicio":"2025-12-29T00:00:00.000000Z","fecha_fin":null},{"institucion_id":4,"cargo":"Docente","estado":"ACTIVO","fecha_inicio":null,"fecha_fin":null}],"password":"Cuba2020","password_confirmation":"Cuba2020"}} 
[2025-12-29 13:30:56] local.INFO: ✅ [UsuarioApp] Datos básicos actualizados usuario ID: 6  
[2025-12-29 13:30:56] local.INFO: 🔄 [UsuarioApp] Procesando asignaciones para usuario ID: 6 {"asignaciones":[{"institucion_id":11,"cargo":"DIRECTOR I.E.","estado":"ACTIVO","fecha_inicio":"2025-12-29T00:00:00.000000Z","fecha_fin":null},{"institucion_id":4,"cargo":"Docente","estado":"ACTIVO","fecha_inicio":null,"fecha_fin":null}]} 
[2025-12-29 13:30:56] local.INFO: ℹ️ [UsuarioApp] Asignaciones previas marcadas como INACTIVO  
[2025-12-29 13:30:56] local.INFO: ➡️ [UsuarioApp] Procesando asignación #0 {"datos":{"institucion_id":11,"cargo":"DIRECTOR I.E.","estado":"ACTIVO","fecha_inicio":"2025-12-29T00:00:00.000000Z","fecha_fin":null}} 
[2025-12-29 13:30:56] local.INFO: ℹ️ [UsuarioApp] Horario auto-asignado: 16  
[2025-12-29 13:30:56] local.INFO: ⚠️ [UsuarioApp] Asignación existente encontrada ID: 6 (Trashed: )  
[2025-12-29 13:30:56] local.INFO: Reactivación manual - fecha_fin limpiada {"usuario_app_id":6,"institucion_id":11} 
[2025-12-29 13:30:56] local.INFO: ✅ [UsuarioApp] Asignación guardada/actualizada ID: 6 {"estado":"ACTIVO"} 
[2025-12-29 13:30:56] local.INFO: ➡️ [UsuarioApp] Procesando asignación #1 {"datos":{"institucion_id":4,"cargo":"Docente","estado":"ACTIVO","fecha_inicio":null,"fecha_fin":null}} 
[2025-12-29 13:30:56] local.INFO: ℹ️ [UsuarioApp] Horario auto-asignado: 2  
[2025-12-29 13:30:56] local.INFO: ✨ [UsuarioApp] Creando NUEVA asignación para Institución ID: 4  
[2025-12-29 13:30:56] local.INFO: Asignación creada con horario - fecha_inicio establecida automáticamente {"usuario_app_id":6,"institucion_id":4,"fecha_inicio":"2025-12-29 00:00:00"} 
[2025-12-29 13:30:56] local.INFO: ✅ [UsuarioApp] Asignación guardada/actualizada ID:  {"estado":"ACTIVO"} 
[2025-12-29 13:30:56] local.INFO: 🏁 [UsuarioApp] Transacción completada exitosamente para usuario ID: 6  
[2025-12-29 13:31:10] local.DEBUG: 🔍 Resultados de búsqueda {"count":36,"search_term":null} 
[2025-12-29 13:31:30] local.DEBUG: 🔍 Resultados de búsqueda {"count":36,"search_term":null} 
[2025-12-29 13:31:53] local.INFO: 🔍 [estadoDia] Asignaciones encontradas para userID 1 instID 4: 1  
[2025-12-29 13:32:10] local.INFO: 🕐 Horario creado - Auto-asignando a usuarios {"horario_id":17,"institucion_id":11,"turno":"TARDE"} 
[2025-12-29 13:32:10] local.INFO: Asignación creada con horario - fecha_inicio establecida automáticamente {"usuario_app_id":6,"institucion_id":11,"fecha_inicio":"2025-12-29 00:00:00"} 
[2025-12-29 13:32:10] local.INFO: ✅ Horario auto-asignado a usuarios (Multi-Turno) {"horario_id":17,"usuarios_actualizados":1} 
[2025-12-29 13:33:04] local.INFO: 🔄 [UsuarioApp] Iniciando actualización de usuario ID: 6 {"request":{"acceso_habilitado":true,"asignaciones":[{"institucion_id":4,"cargo":"Docente","estado":"ACTIVO","fecha_inicio":"2025-12-29T00:00:00.000000Z","fecha_fin":null},{"institucion_id":11,"cargo":"DIRECTOR I.E.","estado":"ACTIVO","fecha_inicio":"2025-12-29T00:00:00.000000Z","fecha_fin":null}]}} 
[2025-12-29 13:33:04] local.INFO: ✅ [UsuarioApp] Datos básicos actualizados usuario ID: 6  
[2025-12-29 13:33:04] local.INFO: 🔄 [UsuarioApp] Procesando asignaciones para usuario ID: 6 {"asignaciones":[{"institucion_id":4,"cargo":"Docente","estado":"ACTIVO","fecha_inicio":"2025-12-29T00:00:00.000000Z","fecha_fin":null},{"institucion_id":11,"cargo":"DIRECTOR I.E.","estado":"ACTIVO","fecha_inicio":"2025-12-29T00:00:00.000000Z","fecha_fin":null}]} 
[2025-12-29 13:33:04] local.INFO: ℹ️ [UsuarioApp] Asignaciones previas marcadas como INACTIVO  
[2025-12-29 13:33:04] local.INFO: ➡️ [UsuarioApp] Procesando asignación #0 {"datos":{"institucion_id":4,"cargo":"Docente","estado":"ACTIVO","fecha_inicio":"2025-12-29T00:00:00.000000Z","fecha_fin":null}} 
[2025-12-29 13:33:04] local.INFO: ℹ️ [UsuarioApp] Horario auto-asignado: 2  
[2025-12-29 13:33:04] local.INFO: ⚠️ [UsuarioApp] Asignación existente encontrada ID: 44 (Trashed: )  
[2025-12-29 13:33:04] local.INFO: Reactivación manual - fecha_fin limpiada {"usuario_app_id":6,"institucion_id":4} 
[2025-12-29 13:33:04] local.INFO: ✅ [UsuarioApp] Asignación guardada/actualizada ID: 44 {"estado":"ACTIVO"} 
[2025-12-29 13:33:04] local.INFO: ➡️ [UsuarioApp] Procesando asignación #1 {"datos":{"institucion_id":11,"cargo":"DIRECTOR I.E.","estado":"ACTIVO","fecha_inicio":"2025-12-29T00:00:00.000000Z","fecha_fin":null}} 
[2025-12-29 13:33:04] local.INFO: ℹ️ [UsuarioApp] Horario auto-asignado: 16  
[2025-12-29 13:33:04] local.INFO: ⚠️ [UsuarioApp] Asignación existente encontrada ID: 6 (Trashed: )  
[2025-12-29 13:33:04] local.WARNING: 🚨 [UsuarioApp] Eliminando 1 duplicados encontrados {"ids":{"Illuminate\\Support\\Collection":[45]}} 
[2025-12-29 13:33:04] local.INFO: Reactivación manual - fecha_fin limpiada {"usuario_app_id":6,"institucion_id":11} 
[2025-12-29 13:33:04] local.INFO: ✅ [UsuarioApp] Asignación guardada/actualizada ID: 6 {"estado":"ACTIVO"} 
[2025-12-29 13:33:04] local.INFO: 🏁 [UsuarioApp] Transacción completada exitosamente para usuario ID: 6  
[2025-12-29 13:34:15] local.INFO: 🔍 [estadoDia] Asignaciones encontradas para userID 6 instID 4: 1  
[2025-12-29 13:34:21] local.INFO: 🔍 [estadoDia] Asignaciones encontradas para userID 6 instID 11: 1  
[2025-12-29 13:34:31] local.INFO: 🔍 [estadoDia] Asignaciones encontradas para userID 6 instID 11: 1  
[2025-12-29 13:45:10] local.INFO: 🔍 [estadoDia] Asignaciones encontradas para userID 6 instID 11: 1  
[2025-12-29 13:50:12] local.DEBUG: 🔍 Resultados de búsqueda {"count":36,"search_term":null} 
[2025-12-29 13:54:10] local.INFO: 🔍 [estadoDia] Asignaciones encontradas para userID 6 instID 4: 1  
[2025-12-29 13:54:11] local.INFO: 🔍 [estadoDia] Asignaciones encontradas para userID 6 instID 4: 1  
[2025-12-29 14:00:31] local.INFO: 🔍 [estadoDia] Asignaciones encontradas para userID 6 instID 4: 1  
[2025-12-29 14:01:21] local.INFO: Asignación creada con horario - fecha_inicio establecida automáticamente {"usuario_app_id":6,"institucion_id":4,"fecha_inicio":"2025-12-29 00:00:00"} 
[2025-12-29 14:07:59] local.INFO: 🔍 [estadoDia] Asignaciones encontradas para userID 6 instID 4: 1  
[2025-12-29 14:08:23] local.INFO: Asignación creada con horario - fecha_inicio establecida automáticamente {"usuario_app_id":6,"institucion_id":4,"fecha_inicio":"2025-12-29 00:00:00"} 
[2025-12-29 14:08:23] local.ERROR: Error actualizando horarios APP: SQLSTATE[23000]: Integrity constraint violation: 1062 Duplicate entry '6-4-2' for key 'usuario_app_institucion.uq_user_ie_schedule' (Connection: mysql, SQL: insert into `usuario_app_institucion` (`estado`, `usuario_app_id`, `institucion_id`, `horario_institucion_id`, `cargo`, `fecha_inicio`, `updated_at`, `created_at`) values (ACTIVO, 6, 4, 2, Docente, 2025-12-29 00:00:00, 2025-12-29 14:08:23, 2025-12-29 14:08:23))  
[2025-12-29 14:11:45] local.INFO: Asignación creada con horario - fecha_inicio establecida automáticamente {"usuario_app_id":6,"institucion_id":4,"fecha_inicio":"2025-12-29 00:00:00"} 
[2025-12-29 14:11:46] local.INFO: Asignación creada con horario - fecha_inicio establecida automáticamente {"usuario_app_id":6,"institucion_id":11,"fecha_inicio":"2025-12-29 00:00:00"} 
[2025-12-29 14:11:46] local.INFO: Asignación creada con horario - fecha_inicio establecida automáticamente {"usuario_app_id":6,"institucion_id":11,"fecha_inicio":"2025-12-29 00:00:00"} 
[2025-12-29 14:12:31] local.INFO: Asignación creada con horario - fecha_inicio establecida automáticamente {"usuario_app_id":6,"institucion_id":4,"fecha_inicio":"2025-12-29 00:00:00"} 
[2025-12-29 14:12:32] local.INFO: Asignación creada con horario - fecha_inicio establecida automáticamente {"usuario_app_id":6,"institucion_id":11,"fecha_inicio":"2025-12-29 00:00:00"} 
[2025-12-29 14:12:32] local.INFO: Asignación creada con horario - fecha_inicio establecida automáticamente {"usuario_app_id":6,"institucion_id":11,"fecha_inicio":"2025-12-29 00:00:00"} 
[2025-12-29 14:14:31] local.INFO: 🔍 [estadoDia] Asignaciones encontradas para userID 6 instID 4: 1  
[2025-12-29 14:14:50] local.INFO: Asignación creada con horario - fecha_inicio establecida automáticamente {"usuario_app_id":6,"institucion_id":4,"fecha_inicio":"2025-12-29 00:00:00"} 
[2025-12-29 14:14:50] local.INFO: Asignación creada con horario - fecha_inicio establecida automáticamente {"usuario_app_id":6,"institucion_id":4,"fecha_inicio":"2025-12-29 00:00:00"} 
[2025-12-29 14:14:51] local.INFO: Asignación creada con horario - fecha_inicio establecida automáticamente {"usuario_app_id":6,"institucion_id":11,"fecha_inicio":"2025-12-29 00:00:00"} 
[2025-12-29 14:16:54] local.INFO: 🔍 [estadoDia] Asignaciones encontradas para userID 6 instID 4: 2  
[2025-12-29 14:20:00] local.INFO: 🔍 [estadoDia] Asignaciones encontradas para userID 6 instID 4: 2  
[2025-12-29 14:26:19] local.INFO: 🔍 [estadoDia] Asignaciones encontradas para userID 6 instID 4: 2  
[2025-12-29 14:26:34] local.INFO: 🔍 [estadoDia] Asignaciones encontradas para userID 6 instID 4: 2  
[2025-12-29 14:26:45] local.INFO: 🔍 [estadoDia] Asignaciones encontradas para userID 6 instID 4: 2  
[2025-12-29 14:41:34] local.INFO: 🔍 [estadoDia] Asignaciones encontradas para userID 6 instID 4: 2  
[2025-12-29 14:41:53] local.INFO: 🔍 [estadoDia] Asignaciones encontradas para userID 6 instID 4: 2  
[2025-12-29 14:51:50] local.INFO: 🔍 [estadoDia] Asignaciones encontradas para userID 6 instID 4: 2  
[2025-12-29 14:54:22] local.INFO: 🔍 [estadoDia] Asignaciones encontradas para userID 6 instID 4: 2  
[2025-12-29 15:04:44] local.INFO: 🔍 [estadoDia] Asignaciones encontradas para userID 6 instID 4: 2  
[2025-12-29 15:04:49] local.INFO: 🔍 [estadoDia] Asignaciones encontradas para userID 6 instID 4: 2  
[2025-12-29 15:04:51] local.INFO: 🔍 [estadoDia] Asignaciones encontradas para userID 6 instID 4: 2  
[2025-12-29 15:11:46] local.INFO: 🔍 [estadoDia] Asignaciones encontradas para userID 6 instID 4: 2  
[2025-12-29 15:11:58] local.INFO: 🔍 [estadoDia] Asignaciones encontradas para userID 6 instID 4: 2  
[2025-12-29 15:20:29] local.INFO: 🔍 [estadoDia] Asignaciones encontradas para userID 6 instID 4: 2  
[2025-12-29 15:21:17] local.INFO: Asignación creada con horario - fecha_inicio establecida automáticamente {"usuario_app_id":6,"institucion_id":4,"fecha_inicio":"2025-12-29 00:00:00"} 
[2025-12-29 15:21:18] local.INFO: Asignación creada con horario - fecha_inicio establecida automáticamente {"usuario_app_id":6,"institucion_id":11,"fecha_inicio":"2025-12-29 00:00:00"} 
[2025-12-29 15:30:49] local.INFO: 🔍 [estadoDia] Asignaciones encontradas para userID 6 instID 4: 1  
[2025-12-29 15:32:53] local.INFO: 🔍 [estadoDia] Asignaciones encontradas para userID 6 instID 4: 1  
[2025-12-29 15:35:50] local.INFO: 🔍 [estadoDia] Asignaciones encontradas para userID 6 instID 4: 1  
[2025-12-29 15:38:50] local.INFO: 🔍 [estadoDia] Asignaciones encontradas para userID 6 instID 4: 1  
[2025-12-29 15:40:46] local.INFO: 🔍 [estadoDia] Asignaciones encontradas para userID 6 instID 4: 1  
[2025-12-29 15:46:13] local.INFO: 🔍 [estadoDia] Asignaciones encontradas para userID 6 instID 11: 1  
